1619575960919	geckodriver	INFO	Listening on 127.0.0.1:47353
1619575961945	mozrunner::runner	INFO	Running command: "/usr/bin/firefox" "--marionette" "-foreground" "-no-remote" "-profile" "/tmp/rust_mozprofile3mWXQo"
1619575965221	Marionette	INFO	Marionette enabled
console.warn: SearchSettings: "get: No settings file exists, new profile?" (new Error("", "(unknown module)"))
1619575969310	Marionette	INFO	Listening on port 41531
1619575969666	Marionette	WARN	TLS certificate errors will be ignored for this session
JavaScript error: https://storage.googleapis.com/workbox-cdn/releases/3.5.0/workbox-sw.js, line 1: SyntaxError: redeclaration of const workbox
1619576037175	Marionette	INFO	Stopped listening on port 41531
1619576343751	geckodriver	INFO	Listening on 127.0.0.1:38027
1619576343757	mozrunner::runner	INFO	Running command: "/usr/bin/firefox" "--marionette" "-foreground" "-no-remote" "-profile" "/tmp/rust_mozprofileYGBMMy"
1619576344839	Marionette	INFO	Marionette enabled
console.warn: SearchSettings: "get: No settings file exists, new profile?" (new Error("", "(unknown module)"))
1619576347153	Marionette	INFO	Listening on port 46567
1619576347183	Marionette	WARN	TLS certificate errors will be ignored for this session
JavaScript error: https://storage.googleapis.com/workbox-cdn/releases/3.5.0/workbox-sw.js, line 1: SyntaxError: redeclaration of const workbox
1619576382569	Marionette	INFO	Stopped listening on port 46567

###!!! [Parent][RunMessage] Error: Channel closing: too late to send/recv, messages will be lost

1619576773827	geckodriver	INFO	Listening on 127.0.0.1:52023
1619576773837	mozrunner::runner	INFO	Running command: "/usr/bin/firefox" "--marionette" "-foreground" "-no-remote" "-profile" "/tmp/rust_mozprofileVlAL2n"
1619576775274	Marionette	INFO	Marionette enabled
console.warn: SearchSettings: "get: No settings file exists, new profile?" (new Error("", "(unknown module)"))
1619576778919	Marionette	INFO	Listening on port 41467
1619576778998	Marionette	WARN	TLS certificate errors will be ignored for this session
JavaScript error: https://storage.googleapis.com/workbox-cdn/releases/3.5.0/workbox-sw.js, line 1: SyntaxError: redeclaration of const workbox
1619576799960	Marionette	INFO	Stopped listening on port 41467

###!!! [Child][RunMessage] Error: Channel closing: too late to send/recv, messages will be lost


###!!! [Child][RunMessage] Error: Channel closing: too late to send/recv, messages will be lost


###!!! [Child][RunMessage] Error: Channel closing: too late to send/recv, messages will be lost


###!!! [Child][RunMessage] Error: Channel closing: too late to send/recv, messages will be lost


###!!! [Child][RunMessage] Error: Channel closing: too late to send/recv, messages will be lost


###!!! [Child][RunMessage] Error: Channel closing: too late to send/recv, messages will be lost


###!!! [Child][RunMessage] Error: Channel closing: too late to send/recv, messages will be lost


###!!! [Child][RunMessage] Error: Channel closing: too late to send/recv, messages will be lost


###!!! [Child][RunMessage] Error: Channel closing: too late to send/recv, messages will be lost


###!!! [Child][RunMessage] Error: Channel closing: too late to send/recv, messages will be lost


###!!! [Child][RunMessage] Error: Channel closing: too late to send/recv, messages will be lost


###!!! [Child][RunMessage] Error: Channel closing: too late to send/recv, messages will be lost


###!!! [Child][RunMessage] Error: Channel closing: too late to send/recv, messages will be lost


###!!! [Child][MessageChannel] Error: (msgtype=0x230032,name=PBrowser::Msg___delete__) Channel closing: too late to send/recv, messages will be lost

1619577058544	geckodriver	INFO	Listening on 127.0.0.1:36197
1619577058557	mozrunner::runner	INFO	Running command: "/usr/bin/firefox" "--marionette" "-foreground" "-no-remote" "-profile" "/tmp/rust_mozprofileAGuqCn"
1619577060342	Marionette	INFO	Marionette enabled
console.warn: SearchSettings: "get: No settings file exists, new profile?" (new Error("", "(unknown module)"))
1619577063757	Marionette	INFO	Listening on port 36907
1619577063800	Marionette	WARN	TLS certificate errors will be ignored for this session
JavaScript error: https://storage.googleapis.com/workbox-cdn/releases/3.5.0/workbox-sw.js, line 1: SyntaxError: redeclaration of const workbox
1619577084921	Marionette	INFO	Stopped listening on port 36907
1619577132622	geckodriver	INFO	Listening on 127.0.0.1:37983
1619577132632	mozrunner::runner	INFO	Running command: "/usr/bin/firefox" "--marionette" "-foreground" "-no-remote" "-profile" "/tmp/rust_mozprofile0cJQoj"
1619577134046	Marionette	INFO	Marionette enabled
console.warn: SearchSettings: "get: No settings file exists, new profile?" (new Error("", "(unknown module)"))
1619577137261	Marionette	INFO	Listening on port 36085
1619577137374	Marionette	WARN	TLS certificate errors will be ignored for this session
JavaScript error: https://storage.googleapis.com/workbox-cdn/releases/3.5.0/workbox-sw.js, line 1: SyntaxError: redeclaration of const workbox
IPDL protocol error: Handler returned error code!

###!!! [Parent][DispatchAsyncMessage] Error: PLayerTransaction::Msg_ReleaseLayer Processing error: message was deserialized, but the handler returned false (indicating failure)

1619577154675	Marionette	INFO	Stopped listening on port 36085
1619577208550	geckodriver	INFO	Listening on 127.0.0.1:50007
1619577208557	mozrunner::runner	INFO	Running command: "/usr/bin/firefox" "--marionette" "-foreground" "-no-remote" "-profile" "/tmp/rust_mozprofilesKXq3S"
1619577209665	Marionette	INFO	Marionette enabled
console.warn: SearchSettings: "get: No settings file exists, new profile?" (new Error("", "(unknown module)"))
1619577212185	Marionette	INFO	Listening on port 32785
1619577212280	Marionette	WARN	TLS certificate errors will be ignored for this session
JavaScript error: https://storage.googleapis.com/workbox-cdn/releases/3.5.0/workbox-sw.js, line 1: SyntaxError: redeclaration of const workbox
1619577232348	Marionette	INFO	Stopped listening on port 32785
1619577289908	geckodriver	INFO	Listening on 127.0.0.1:59633
1619577289914	mozrunner::runner	INFO	Running command: "/usr/bin/firefox" "--marionette" "-foreground" "-no-remote" "-profile" "/tmp/rust_mozprofilexhYXDi"
1619577291435	Marionette	INFO	Marionette enabled
console.warn: SearchSettings: "get: No settings file exists, new profile?" (new Error("", "(unknown module)"))
1619577294016	Marionette	INFO	Listening on port 43863
1619577294047	Marionette	WARN	TLS certificate errors will be ignored for this session
JavaScript error: https://storage.googleapis.com/workbox-cdn/releases/3.5.0/workbox-sw.js, line 1: SyntaxError: redeclaration of const workbox
1619577316072	Marionette	INFO	Stopped listening on port 43863
1619577431121	geckodriver	INFO	Listening on 127.0.0.1:33795
1619577431127	mozrunner::runner	INFO	Running command: "/usr/bin/firefox" "--marionette" "-foreground" "-no-remote" "-profile" "/tmp/rust_mozprofilegaJzfC"
1619577432197	Marionette	INFO	Marionette enabled
console.warn: SearchSettings: "get: No settings file exists, new profile?" (new Error("", "(unknown module)"))
1619577434245	Marionette	INFO	Listening on port 39057
1619577434353	Marionette	WARN	TLS certificate errors will be ignored for this session
JavaScript error: https://storage.googleapis.com/workbox-cdn/releases/3.5.0/workbox-sw.js, line 1: SyntaxError: redeclaration of const workbox
1619577455210	Marionette	INFO	Stopped listening on port 39057

###!!! [Parent][RunMessage] Error: Channel closing: too late to send/recv, messages will be lost

1619577510192	geckodriver	INFO	Listening on 127.0.0.1:49369
1619577510197	mozrunner::runner	INFO	Running command: "/usr/bin/firefox" "--marionette" "-foreground" "-no-remote" "-profile" "/tmp/rust_mozprofileV0Ovcb"
1619577511171	Marionette	INFO	Marionette enabled
console.warn: SearchSettings: "get: No settings file exists, new profile?" (new Error("", "(unknown module)"))
1619577513212	Marionette	INFO	Listening on port 39825
1619577513327	Marionette	WARN	TLS certificate errors will be ignored for this session
JavaScript error: https://storage.googleapis.com/workbox-cdn/releases/3.5.0/workbox-sw.js, line 1: SyntaxError: redeclaration of const workbox
1619577533433	Marionette	INFO	Stopped listening on port 39825
1619577567442	geckodriver	INFO	Listening on 127.0.0.1:32937
1619577567447	mozrunner::runner	INFO	Running command: "/usr/bin/firefox" "--marionette" "-foreground" "-no-remote" "-profile" "/tmp/rust_mozprofile1rlWHD"
1619577568832	Marionette	INFO	Marionette enabled
console.warn: SearchSettings: "get: No settings file exists, new profile?" (new Error("", "(unknown module)"))
1619577571042	Marionette	INFO	Listening on port 41755
1619577571077	Marionette	WARN	TLS certificate errors will be ignored for this session
JavaScript error: https://storage.googleapis.com/workbox-cdn/releases/3.5.0/workbox-sw.js, line 1: SyntaxError: redeclaration of const workbox
1619577591015	Marionette	INFO	Stopped listening on port 41755
1619577621129	geckodriver	INFO	Listening on 127.0.0.1:36925
1619577621135	mozrunner::runner	INFO	Running command: "/usr/bin/firefox" "--marionette" "-foreground" "-no-remote" "-profile" "/tmp/rust_mozprofileNsabhd"
1619577622182	Marionette	INFO	Marionette enabled
console.warn: SearchSettings: "get: No settings file exists, new profile?" (new Error("", "(unknown module)"))
1619577624369	Marionette	INFO	Listening on port 42551
1619577624459	Marionette	WARN	TLS certificate errors will be ignored for this session
JavaScript error: https://storage.googleapis.com/workbox-cdn/releases/3.5.0/workbox-sw.js, line 1: SyntaxError: redeclaration of const workbox
1619577645936	Marionette	INFO	Stopped listening on port 42551
1619577661122	geckodriver	INFO	Listening on 127.0.0.1:49591
1619577661128	mozrunner::runner	INFO	Running command: "/usr/bin/firefox" "--marionette" "-foreground" "-no-remote" "-profile" "/tmp/rust_mozprofileBsrBaz"
1619577662297	Marionette	INFO	Marionette enabled
console.warn: SearchSettings: "get: No settings file exists, new profile?" (new Error("", "(unknown module)"))
1619577664533	Marionette	INFO	Listening on port 35399
1619577664554	Marionette	WARN	TLS certificate errors will be ignored for this session
JavaScript error: https://storage.googleapis.com/workbox-cdn/releases/3.5.0/workbox-sw.js, line 1: SyntaxError: redeclaration of const workbox
1619577684562	Marionette	INFO	Stopped listening on port 35399

###!!! [Child][MessageChannel] Error: (msgtype=0x230032,name=PBrowser::Msg___delete__) Channel closing: too late to send/recv, messages will be lost


###!!! [Child][RunMessage] Error: Channel closing: too late to send/recv, messages will be lost


###!!! [Child][RunMessage] Error: Channel closing: too late to send/recv, messages will be lost


###!!! [Child][RunMessage] Error: Channel closing: too late to send/recv, messages will be lost


###!!! [Child][RunMessage] Error: Channel closing: too late to send/recv, messages will be lost


###!!! [Child][RunMessage] Error: Channel closing: too late to send/recv, messages will be lost


###!!! [Child][RunMessage] Error: Channel closing: too late to send/recv, messages will be lost


###!!! [Child][RunMessage] Error: Channel closing: too late to send/recv, messages will be lost


###!!! [Child][RunMessage] Error: Channel closing: too late to send/recv, messages will be lost


###!!! [Child][RunMessage] Error: Channel closing: too late to send/recv, messages will be lost


###!!! [Child][RunMessage] Error: Channel closing: too late to send/recv, messages will be lost


###!!! [Child][RunMessage] Error: Channel closing: too late to send/recv, messages will be lost


###!!! [Child][RunMessage] Error: Channel closing: too late to send/recv, messages will be lost

1619577702229	geckodriver	INFO	Listening on 127.0.0.1:38785
1619577702235	mozrunner::runner	INFO	Running command: "/usr/bin/firefox" "--marionette" "-foreground" "-no-remote" "-profile" "/tmp/rust_mozprofileX9IY6n"
1619577703374	Marionette	INFO	Marionette enabled
console.warn: SearchSettings: "get: No settings file exists, new profile?" (new Error("", "(unknown module)"))
1619577705623	Marionette	INFO	Listening on port 43355
1619577705659	Marionette	WARN	TLS certificate errors will be ignored for this session
JavaScript error: https://storage.googleapis.com/workbox-cdn/releases/3.5.0/workbox-sw.js, line 1: SyntaxError: redeclaration of const workbox
1619577725719	Marionette	INFO	Stopped listening on port 43355
1619577741560	geckodriver	INFO	Listening on 127.0.0.1:59979
1619577741565	mozrunner::runner	INFO	Running command: "/usr/bin/firefox" "--marionette" "-foreground" "-no-remote" "-profile" "/tmp/rust_mozprofiletQzw2I"
1619577742587	Marionette	INFO	Marionette enabled
console.warn: SearchSettings: "get: No settings file exists, new profile?" (new Error("", "(unknown module)"))
1619577744661	Marionette	INFO	Listening on port 38913
1619577744695	Marionette	WARN	TLS certificate errors will be ignored for this session
JavaScript error: https://storage.googleapis.com/workbox-cdn/releases/3.5.0/workbox-sw.js, line 1: SyntaxError: redeclaration of const workbox
1619577764844	Marionette	INFO	Stopped listening on port 38913

###!!! [Child][RunMessage] Error: Channel closing: too late to send/recv, messages will be lost


###!!! [Child][RunMessage] Error: Channel closing: too late to send/recv, messages will be lost


###!!! [Child][RunMessage] Error: Channel closing: too late to send/recv, messages will be lost


###!!! [Child][RunMessage] Error: Channel closing: too late to send/recv, messages will be lost


###!!! [Child][RunMessage] Error: Channel closing: too late to send/recv, messages will be lost


###!!! [Child][RunMessage] Error: Channel closing: too late to send/recv, messages will be lost


###!!! [Child][RunMessage] Error: Channel closing: too late to send/recv, messages will be lost


###!!! [Child][RunMessage] Error: Channel closing: too late to send/recv, messages will be lost


###!!! [Child][RunMessage] Error: Channel closing: too late to send/recv, messages will be lost


###!!! [Child][RunMessage] Error: Channel closing: too late to send/recv, messages will be lost


###!!! [Child][RunMessage] Error: Channel closing: too late to send/recv, messages will be lost


###!!! [Child][RunMessage] Error: Channel closing: too late to send/recv, messages will be lost

1619578790492	geckodriver	INFO	Listening on 127.0.0.1:45299
1619578790501	mozrunner::runner	INFO	Running command: "/usr/bin/firefox" "--marionette" "-foreground" "-no-remote" "-profile" "/tmp/rust_mozprofileOhlz7J"
1619578791766	Marionette	INFO	Marionette enabled
console.warn: SearchSettings: "get: No settings file exists, new profile?" (new Error("", "(unknown module)"))
1619578794925	Marionette	INFO	Listening on port 37755
1619578795027	Marionette	WARN	TLS certificate errors will be ignored for this session
JavaScript error: https://storage.googleapis.com/workbox-cdn/releases/3.5.0/workbox-sw.js, line 1: SyntaxError: redeclaration of const workbox
1619610273562	geckodriver	INFO	Listening on 127.0.0.1:56819
1619610274625	mozrunner::runner	INFO	Running command: "/usr/bin/firefox" "--marionette" "-foreground" "-no-remote" "-profile" "/tmp/rust_mozprofilexlmaVq"
1619610277007	Marionette	INFO	Marionette enabled
console.warn: SearchSettings: "get: No settings file exists, new profile?" (new Error("", "(unknown module)"))
1619610280926	Marionette	INFO	Listening on port 38133
1619610281082	Marionette	WARN	TLS certificate errors will be ignored for this session
JavaScript error: https://storage.googleapis.com/workbox-cdn/releases/3.5.0/workbox-sw.js, line 1: SyntaxError: redeclaration of const workbox
1619611823358	Marionette	INFO	Stopped listening on port 38133
1619612450830	geckodriver	INFO	Listening on 127.0.0.1:50719
1619612450836	mozrunner::runner	INFO	Running command: "/usr/bin/firefox" "--marionette" "-foreground" "-no-remote" "-profile" "/tmp/rust_mozprofilepmx8DG"
1619612451926	Marionette	INFO	Marionette enabled
console.warn: SearchSettings: "get: No settings file exists, new profile?" (new Error("", "(unknown module)"))
1619612454253	Marionette	INFO	Listening on port 44697
1619612454364	Marionette	WARN	TLS certificate errors will be ignored for this session
JavaScript error: https://storage.googleapis.com/workbox-cdn/releases/3.5.0/workbox-sw.js, line 1: SyntaxError: redeclaration of const workbox
1619615000267	Marionette	INFO	Stopped listening on port 44697

###!!! [Parent][RunMessage] Error: Channel closing: too late to send/recv, messages will be lost

1619644914663	geckodriver	INFO	Listening on 127.0.0.1:41677
1619644915716	mozrunner::runner	INFO	Running command: "/usr/bin/firefox" "--marionette" "-foreground" "-no-remote" "-profile" "/tmp/rust_mozprofileuTwOH3"
1619644917470	Marionette	INFO	Marionette enabled
console.warn: SearchSettings: "get: No settings file exists, new profile?" (new Error("", "(unknown module)"))
1619644921396	Marionette	INFO	Listening on port 35677
1619644921550	Marionette	WARN	TLS certificate errors will be ignored for this session
JavaScript error: https://storage.googleapis.com/workbox-cdn/releases/3.5.0/workbox-sw.js, line 1: SyntaxError: redeclaration of const workbox
1619648050722	Marionette	INFO	Stopped listening on port 35677
